<?xml version="1.0" encoding="UTF-8"?>
<coverage generated="1613048698183" clover="3.2.0">
  <project timestamp="1613048698183" name="All files">
    <metrics statements="58" coveredstatements="49" conditionals="46" coveredconditionals="43" methods="5" coveredmethods="5" elements="109" coveredelements="97" complexity="0" loc="58" ncloc="58" packages="1" files="3" classes="3"/>
    <file name="colors.js" path="/Users/stefangolker/Documents/Vis-Web-Developement/MasterMind/MasterMind-Business-Logic/src/colors.js">
      <metrics statements="1" coveredstatements="1" conditionals="0" coveredconditionals="0" methods="0" coveredmethods="0"/>
      <line num="1" count="1" type="stmt"/>
    </file>
    <file name="hints.js" path="/Users/stefangolker/Documents/Vis-Web-Developement/MasterMind/MasterMind-Business-Logic/src/hints.js">
      <metrics statements="1" coveredstatements="1" conditionals="0" coveredconditionals="0" methods="0" coveredmethods="0"/>
      <line num="1" count="1" type="stmt"/>
    </file>
    <file name="mastermind.js" path="/Users/stefangolker/Documents/Vis-Web-Developement/MasterMind/MasterMind-Business-Logic/src/mastermind.js">
      <metrics statements="56" coveredstatements="47" conditionals="46" coveredconditionals="43" methods="5" coveredmethods="5"/>
      <line num="1" count="1" type="stmt"/>
      <line num="2" count="1" type="stmt"/>
      <line num="3" count="1" type="stmt"/>
      <line num="4" count="14" type="stmt"/>
      <line num="5" count="14" type="cond" truecount="2" falsecount="0"/>
      <line num="6" count="3" type="stmt"/>
      <line num="8" count="11" type="cond" truecount="4" falsecount="0"/>
      <line num="9" count="2" type="stmt"/>
      <line num="11" count="9" type="cond" truecount="4" falsecount="0"/>
      <line num="12" count="2" type="stmt"/>
      <line num="14" count="7" type="cond" truecount="4" falsecount="0"/>
      <line num="15" count="2" type="stmt"/>
      <line num="17" count="5" type="cond" truecount="4" falsecount="0"/>
      <line num="18" count="1" type="stmt"/>
      <line num="20" count="4" type="cond" truecount="4" falsecount="0"/>
      <line num="21" count="1" type="stmt"/>
      <line num="23" count="3" type="cond" truecount="4" falsecount="0"/>
      <line num="24" count="1" type="stmt"/>
      <line num="26" count="2" type="cond" truecount="4" falsecount="0"/>
      <line num="27" count="1" type="stmt"/>
      <line num="29" count="1" type="stmt"/>
      <line num="33" count="1" type="stmt"/>
      <line num="34" count="1" type="stmt"/>
      <line num="35" count="4" type="stmt"/>
      <line num="39" count="1" type="stmt"/>
      <line num="40" count="9" type="stmt"/>
      <line num="41" count="9" type="stmt"/>
      <line num="42" count="9" type="stmt"/>
      <line num="43" count="36" type="cond" truecount="2" falsecount="0"/>
      <line num="44" count="10" type="stmt"/>
      <line num="46" count="26" type="cond" truecount="6" falsecount="0"/>
      <line num="47" count="15" type="stmt"/>
      <line num="50" count="11" type="stmt"/>
      <line num="54" count="9" type="stmt"/>
      <line num="56" count="9" type="stmt"/>
      <line num="57" count="9" type="cond" truecount="2" falsecount="0"/>
      <line num="58" count="3" type="stmt"/>
      <line num="59" count="3" type="stmt"/>
      <line num="60" count="3" type="stmt"/>
      <line num="61" count="3" type="stmt"/>
      <line num="63" count="6" type="cond" truecount="1" falsecount="1"/>
      <line num="64" count="0" type="stmt"/>
      <line num="65" count="0" type="stmt"/>
      <line num="66" count="0" type="stmt"/>
      <line num="67" count="0" type="stmt"/>
      <line num="69" count="6" type="cond" truecount="1" falsecount="1"/>
      <line num="70" count="0" type="stmt"/>
      <line num="71" count="0" type="stmt"/>
      <line num="72" count="0" type="stmt"/>
      <line num="73" count="0" type="stmt"/>
      <line num="75" count="6" type="cond" truecount="1" falsecount="1"/>
      <line num="76" count="0" type="stmt"/>
      <line num="79" count="6" type="stmt"/>
      <line num="81" count="3" type="stmt"/>
      <line num="82" count="3" type="stmt"/>
      <line num="85" count="1" type="stmt"/>
    </file>
  </project>
</coverage>
