{"/Users/stefangolker/Documents/Vis-Web-Developement/MasterMind/MasterMind-Business-Logic/src/colors.js": {"path":"/Users/stefangolker/Documents/Vis-Web-Developement/MasterMind/MasterMind-Business-Logic/src/colors.js","statementMap":{"0":{"start":{"line":1,"column":0},"end":{"line":12,"column":1}}},"fnMap":{},"branchMap":{},"s":{"0":1},"f":{},"b":{},"_coverageSchema":"1a1c01bbd47fc00a2c39e90264f33305004495a9","hash":"273d0fddfcbe2fd42d0519f30c11f3f91e7eb213"}
,"/Users/stefangolker/Documents/Vis-Web-Developement/MasterMind/MasterMind-Business-Logic/src/hints.js": {"path":"/Users/stefangolker/Documents/Vis-Web-Developement/MasterMind/MasterMind-Business-Logic/src/hints.js","statementMap":{"0":{"start":{"line":1,"column":0},"end":{"line":5,"column":1}}},"fnMap":{},"branchMap":{},"s":{"0":1},"f":{},"b":{},"_coverageSchema":"1a1c01bbd47fc00a2c39e90264f33305004495a9","hash":"cc15408ca1495b0b8f9fb801f715bb62086aa6c7"}
,"/Users/stefangolker/Documents/Vis-Web-Developement/MasterMind/MasterMind-Business-Logic/src/mastermind.js": {"path":"/Users/stefangolker/Documents/Vis-Web-Developement/MasterMind/MasterMind-Business-Logic/src/mastermind.js","statementMap":{"0":{"start":{"line":1,"column":15},"end":{"line":1,"column":34}},"1":{"start":{"line":2,"column":14},"end":{"line":2,"column":32}},"2":{"start":{"line":3,"column":18},"end":{"line":31,"column":1}},"3":{"start":{"line":4,"column":24},"end":{"line":4,"column":34}},"4":{"start":{"line":5,"column":4},"end":{"line":28,"column":5}},"5":{"start":{"line":6,"column":8},"end":{"line":6,"column":25}},"6":{"start":{"line":8,"column":9},"end":{"line":28,"column":5}},"7":{"start":{"line":9,"column":8},"end":{"line":9,"column":27}},"8":{"start":{"line":11,"column":9},"end":{"line":28,"column":5}},"9":{"start":{"line":12,"column":8},"end":{"line":12,"column":28}},"10":{"start":{"line":14,"column":9},"end":{"line":28,"column":5}},"11":{"start":{"line":15,"column":8},"end":{"line":15,"column":26}},"12":{"start":{"line":17,"column":9},"end":{"line":28,"column":5}},"13":{"start":{"line":18,"column":8},"end":{"line":18,"column":28}},"14":{"start":{"line":20,"column":9},"end":{"line":28,"column":5}},"15":{"start":{"line":21,"column":8},"end":{"line":21,"column":28}},"16":{"start":{"line":23,"column":9},"end":{"line":28,"column":5}},"17":{"start":{"line":24,"column":8},"end":{"line":24,"column":26}},"18":{"start":{"line":26,"column":9},"end":{"line":28,"column":5}},"19":{"start":{"line":27,"column":8},"end":{"line":27,"column":27}},"20":{"start":{"line":29,"column":4},"end":{"line":29,"column":37}},"21":{"start":{"line":33,"column":21},"end":{"line":37,"column":1}},"22":{"start":{"line":34,"column":4},"end":{"line":36,"column":6}},"23":{"start":{"line":35,"column":8},"end":{"line":35,"column":34}},"24":{"start":{"line":39,"column":18},"end":{"line":54,"column":1}},"25":{"start":{"line":40,"column":19},"end":{"line":40,"column":21}},"26":{"start":{"line":41,"column":4},"end":{"line":51,"column":6}},"27":{"start":{"line":42,"column":8},"end":{"line":50,"column":9}},"28":{"start":{"line":43,"column":12},"end":{"line":43,"column":35}},"29":{"start":{"line":45,"column":13},"end":{"line":50,"column":9}},"30":{"start":{"line":46,"column":12},"end":{"line":46,"column":40}},"31":{"start":{"line":49,"column":12},"end":{"line":49,"column":41}},"32":{"start":{"line":52,"column":4},"end":{"line":52,"column":23}},"33":{"start":{"line":53,"column":4},"end":{"line":53,"column":17}},"34":{"start":{"line":56,"column":0},"end":{"line":60,"column":1}}},"fnMap":{"0":{"name":"(anonymous_0)","decl":{"start":{"line":3,"column":18},"end":{"line":3,"column":19}},"loc":{"start":{"line":3,"column":32},"end":{"line":31,"column":1}},"line":3},"1":{"name":"(anonymous_1)","decl":{"start":{"line":33,"column":21},"end":{"line":33,"column":22}},"loc":{"start":{"line":33,"column":35},"end":{"line":37,"column":1}},"line":33},"2":{"name":"(anonymous_2)","decl":{"start":{"line":34,"column":25},"end":{"line":34,"column":26}},"loc":{"start":{"line":34,"column":32},"end":{"line":36,"column":5}},"line":34},"3":{"name":"(anonymous_3)","decl":{"start":{"line":39,"column":18},"end":{"line":39,"column":19}},"loc":{"start":{"line":39,"column":35},"end":{"line":54,"column":1}},"line":39},"4":{"name":"(anonymous_4)","decl":{"start":{"line":41,"column":18},"end":{"line":41,"column":19}},"loc":{"start":{"line":41,"column":36},"end":{"line":51,"column":5}},"line":41}},"branchMap":{"0":{"loc":{"start":{"line":5,"column":4},"end":{"line":28,"column":5}},"type":"if","locations":[{"start":{"line":5,"column":4},"end":{"line":28,"column":5}},{"start":{"line":5,"column":4},"end":{"line":28,"column":5}}],"line":5},"1":{"loc":{"start":{"line":8,"column":9},"end":{"line":28,"column":5}},"type":"if","locations":[{"start":{"line":8,"column":9},"end":{"line":28,"column":5}},{"start":{"line":8,"column":9},"end":{"line":28,"column":5}}],"line":8},"2":{"loc":{"start":{"line":8,"column":12},"end":{"line":8,"column":54}},"type":"binary-expr","locations":[{"start":{"line":8,"column":12},"end":{"line":8,"column":32}},{"start":{"line":8,"column":36},"end":{"line":8,"column":54}}],"line":8},"3":{"loc":{"start":{"line":11,"column":9},"end":{"line":28,"column":5}},"type":"if","locations":[{"start":{"line":11,"column":9},"end":{"line":28,"column":5}},{"start":{"line":11,"column":9},"end":{"line":28,"column":5}}],"line":11},"4":{"loc":{"start":{"line":11,"column":12},"end":{"line":11,"column":54}},"type":"binary-expr","locations":[{"start":{"line":11,"column":12},"end":{"line":11,"column":31}},{"start":{"line":11,"column":35},"end":{"line":11,"column":54}}],"line":11},"5":{"loc":{"start":{"line":14,"column":9},"end":{"line":28,"column":5}},"type":"if","locations":[{"start":{"line":14,"column":9},"end":{"line":28,"column":5}},{"start":{"line":14,"column":9},"end":{"line":28,"column":5}}],"line":14},"6":{"loc":{"start":{"line":14,"column":12},"end":{"line":14,"column":53}},"type":"binary-expr","locations":[{"start":{"line":14,"column":12},"end":{"line":14,"column":32}},{"start":{"line":14,"column":36},"end":{"line":14,"column":53}}],"line":14},"7":{"loc":{"start":{"line":17,"column":9},"end":{"line":28,"column":5}},"type":"if","locations":[{"start":{"line":17,"column":9},"end":{"line":28,"column":5}},{"start":{"line":17,"column":9},"end":{"line":28,"column":5}}],"line":17},"8":{"loc":{"start":{"line":17,"column":12},"end":{"line":17,"column":53}},"type":"binary-expr","locations":[{"start":{"line":17,"column":12},"end":{"line":17,"column":30}},{"start":{"line":17,"column":34},"end":{"line":17,"column":53}}],"line":17},"9":{"loc":{"start":{"line":20,"column":9},"end":{"line":28,"column":5}},"type":"if","locations":[{"start":{"line":20,"column":9},"end":{"line":28,"column":5}},{"start":{"line":20,"column":9},"end":{"line":28,"column":5}}],"line":20},"10":{"loc":{"start":{"line":20,"column":12},"end":{"line":20,"column":54}},"type":"binary-expr","locations":[{"start":{"line":20,"column":12},"end":{"line":20,"column":32}},{"start":{"line":20,"column":36},"end":{"line":20,"column":54}}],"line":20},"11":{"loc":{"start":{"line":23,"column":9},"end":{"line":28,"column":5}},"type":"if","locations":[{"start":{"line":23,"column":9},"end":{"line":28,"column":5}},{"start":{"line":23,"column":9},"end":{"line":28,"column":5}}],"line":23},"12":{"loc":{"start":{"line":23,"column":12},"end":{"line":23,"column":54}},"type":"binary-expr","locations":[{"start":{"line":23,"column":12},"end":{"line":23,"column":31}},{"start":{"line":23,"column":35},"end":{"line":23,"column":54}}],"line":23},"13":{"loc":{"start":{"line":26,"column":9},"end":{"line":28,"column":5}},"type":"if","locations":[{"start":{"line":26,"column":9},"end":{"line":28,"column":5}},{"start":{"line":26,"column":9},"end":{"line":28,"column":5}}],"line":26},"14":{"loc":{"start":{"line":26,"column":12},"end":{"line":26,"column":51}},"type":"binary-expr","locations":[{"start":{"line":26,"column":12},"end":{"line":26,"column":32}},{"start":{"line":26,"column":36},"end":{"line":26,"column":51}}],"line":26},"15":{"loc":{"start":{"line":42,"column":8},"end":{"line":50,"column":9}},"type":"if","locations":[{"start":{"line":42,"column":8},"end":{"line":50,"column":9}},{"start":{"line":42,"column":8},"end":{"line":50,"column":9}}],"line":42},"16":{"loc":{"start":{"line":45,"column":13},"end":{"line":50,"column":9}},"type":"if","locations":[{"start":{"line":45,"column":13},"end":{"line":50,"column":9}},{"start":{"line":45,"column":13},"end":{"line":50,"column":9}}],"line":45},"17":{"loc":{"start":{"line":45,"column":17},"end":{"line":45,"column":97}},"type":"binary-expr","locations":[{"start":{"line":45,"column":17},"end":{"line":45,"column":34}},{"start":{"line":45,"column":38},"end":{"line":45,"column":55}},{"start":{"line":45,"column":59},"end":{"line":45,"column":76}},{"start":{"line":45,"column":80},"end":{"line":45,"column":97}}],"line":45}},"s":{"0":1,"1":1,"2":1,"3":14,"4":14,"5":3,"6":11,"7":2,"8":9,"9":2,"10":7,"11":2,"12":5,"13":1,"14":4,"15":1,"16":3,"17":1,"18":2,"19":1,"20":1,"21":1,"22":1,"23":4,"24":1,"25":6,"26":6,"27":24,"28":7,"29":17,"30":9,"31":8,"32":6,"33":6,"34":1},"f":{"0":14,"1":1,"2":4,"3":6,"4":24},"b":{"0":[3,11],"1":[2,9],"2":[11,11],"3":[2,7],"4":[9,9],"5":[2,5],"6":[7,7],"7":[1,4],"8":[5,5],"9":[1,3],"10":[4,4],"11":[1,2],"12":[3,3],"13":[1,1],"14":[2,2],"15":[7,17],"16":[9,8],"17":[17,16,13,10]},"_coverageSchema":"1a1c01bbd47fc00a2c39e90264f33305004495a9","hash":"262fe1fad6dc0aaf2ecdce9f3e2d3ff00a4b6bd1"}
}
