TN:
SF:src/colors.js
FNF:0
FNH:0
DA:1,1
LF:1
LH:1
BRF:0
BRH:0
end_of_record
TN:
SF:src/hints.js
FNF:0
FNH:0
DA:1,1
LF:1
LH:1
BRF:0
BRH:0
end_of_record
TN:
SF:src/mastermind.js
FN:3,(anonymous_0)
FN:33,(anonymous_1)
FN:34,(anonymous_2)
FN:39,(anonymous_3)
FN:41,(anonymous_4)
FNF:5
FNH:5
FNDA:14,(anonymous_0)
FNDA:1,(anonymous_1)
FNDA:4,(anonymous_2)
FNDA:6,(anonymous_3)
FNDA:24,(anonymous_4)
DA:1,1
DA:2,1
DA:3,1
DA:4,14
DA:5,14
DA:6,3
DA:8,11
DA:9,2
DA:11,9
DA:12,2
DA:14,7
DA:15,2
DA:17,5
DA:18,1
DA:20,4
DA:21,1
DA:23,3
DA:24,1
DA:26,2
DA:27,1
DA:29,1
DA:33,1
DA:34,1
DA:35,4
DA:39,1
DA:40,6
DA:41,6
DA:42,24
DA:43,7
DA:45,17
DA:46,9
DA:49,8
DA:52,6
DA:53,6
DA:56,1
LF:35
LH:35
BRDA:5,0,0,3
BRDA:5,0,1,11
BRDA:8,1,0,2
BRDA:8,1,1,9
BRDA:8,2,0,11
BRDA:8,2,1,11
BRDA:11,3,0,2
BRDA:11,3,1,7
BRDA:11,4,0,9
BRDA:11,4,1,9
BRDA:14,5,0,2
BRDA:14,5,1,5
BRDA:14,6,0,7
BRDA:14,6,1,7
BRDA:17,7,0,1
BRDA:17,7,1,4
BRDA:17,8,0,5
BRDA:17,8,1,5
BRDA:20,9,0,1
BRDA:20,9,1,3
BRDA:20,10,0,4
BRDA:20,10,1,4
BRDA:23,11,0,1
BRDA:23,11,1,2
BRDA:23,12,0,3
BRDA:23,12,1,3
BRDA:26,13,0,1
BRDA:26,13,1,1
BRDA:26,14,0,2
BRDA:26,14,1,2
BRDA:42,15,0,7
BRDA:42,15,1,17
BRDA:45,16,0,9
BRDA:45,16,1,8
BRDA:45,17,0,17
BRDA:45,17,1,16
BRDA:45,17,2,13
BRDA:45,17,3,10
BRF:38
BRH:38
end_of_record
