TN:
SF:src/colors.js
FNF:0
FNH:0
DA:1,1
LF:1
LH:1
BRF:0
BRH:0
end_of_record
TN:
SF:src/hints.js
FNF:0
FNH:0
DA:1,1
LF:1
LH:1
BRF:0
BRH:0
end_of_record
TN:
SF:src/mastermind.js
FN:3,(anonymous_0)
FN:33,(anonymous_1)
FN:34,(anonymous_2)
FN:39,(anonymous_3)
FN:42,(anonymous_4)
FNF:5
FNH:5
FNDA:14,(anonymous_0)
FNDA:1,(anonymous_1)
FNDA:4,(anonymous_2)
FNDA:9,(anonymous_3)
FNDA:36,(anonymous_4)
DA:1,1
DA:2,1
DA:3,1
DA:4,14
DA:5,14
DA:6,3
DA:8,11
DA:9,2
DA:11,9
DA:12,2
DA:14,7
DA:15,2
DA:17,5
DA:18,1
DA:20,4
DA:21,1
DA:23,3
DA:24,1
DA:26,2
DA:27,1
DA:29,1
DA:33,1
DA:34,1
DA:35,4
DA:39,1
DA:40,9
DA:41,9
DA:42,9
DA:43,36
DA:44,10
DA:46,26
DA:47,15
DA:50,11
DA:54,9
DA:56,9
DA:57,9
DA:58,3
DA:59,3
DA:60,3
DA:61,3
DA:63,6
DA:64,0
DA:65,0
DA:66,0
DA:67,0
DA:69,6
DA:70,0
DA:71,0
DA:72,0
DA:73,0
DA:75,6
DA:76,0
DA:79,6
DA:81,3
DA:82,3
DA:85,1
LF:56
LH:47
BRDA:5,0,0,3
BRDA:5,0,1,11
BRDA:8,1,0,2
BRDA:8,1,1,9
BRDA:8,2,0,11
BRDA:8,2,1,11
BRDA:11,3,0,2
BRDA:11,3,1,7
BRDA:11,4,0,9
BRDA:11,4,1,9
BRDA:14,5,0,2
BRDA:14,5,1,5
BRDA:14,6,0,7
BRDA:14,6,1,7
BRDA:17,7,0,1
BRDA:17,7,1,4
BRDA:17,8,0,5
BRDA:17,8,1,5
BRDA:20,9,0,1
BRDA:20,9,1,3
BRDA:20,10,0,4
BRDA:20,10,1,4
BRDA:23,11,0,1
BRDA:23,11,1,2
BRDA:23,12,0,3
BRDA:23,12,1,3
BRDA:26,13,0,1
BRDA:26,13,1,1
BRDA:26,14,0,2
BRDA:26,14,1,2
BRDA:43,15,0,10
BRDA:43,15,1,26
BRDA:46,16,0,15
BRDA:46,16,1,11
BRDA:46,17,0,26
BRDA:46,17,1,25
BRDA:46,17,2,19
BRDA:46,17,3,13
BRDA:57,18,0,3
BRDA:57,18,1,6
BRDA:63,19,0,0
BRDA:63,19,1,6
BRDA:69,20,0,0
BRDA:69,20,1,6
BRDA:75,21,0,0
BRDA:75,21,1,6
BRF:46
BRH:43
end_of_record
